Removed Pin From Net: NetName=GND Pin=U1-1
Removed Pin From Net: NetName=GND Pin=U1-9
Removed Pin From Net: NetName=GND Pin=U1-10
Removed Pin From Net: NetName=7SEGG Pin=U1-12
Removed Pin From Net: NetName=7SEGF Pin=U1-13
Removed Pin From Net: NetName=7SEGE Pin=U1-14
Removed Pin From Net: NetName=7SEGD Pin=U1-15
Removed Pin From Net: NetName=7SEGC Pin=U1-16
Removed Pin From Net: NetName=7SEGB Pin=U1-17
Removed Pin From Net: NetName=7SEGA Pin=U1-18
Removed Pin From Net: NetName=GND Pin=U1-19
Removed Pin From Net: NetName=3.3V Pin=U1-20
Removed Member From Class: ClassName=Sheet1 Member=U1
Added Pin To Net: NetName=7SEGC Pin=U2-2
Added Pin To Net: NetName=7SEGB Pin=U2-3
Added Pin To Net: NetName=7SEGA Pin=U2-4
Added Pin To Net: NetName=7SEGG Pin=U2-42
Added Pin To Net: NetName=7SEGF Pin=U2-43
Added Pin To Net: NetName=7SEGE Pin=U2-45
Added Pin To Net: NetName=7SEGD Pin=U2-46
