Removed Pin From Net: NetName=7SEGD Pin=U1-2
Removed Pin From Net: NetName=7SEGB Pin=U1-3
Removed Pin From Net: NetName=7SEGC Pin=U1-4
Removed Pin From Net: NetName=SCK Pin=U1-15
Removed Pin From Net: NetName=MISO Pin=U1-16
Removed Pin From Net: NetName=MOSI Pin=U1-17
Removed Pin From Net: NetName=KEY13 Pin=U1-19
Removed Pin From Net: NetName=KEY12 Pin=U1-20
Removed Pin From Net: NetName=KEY11 Pin=U1-21
Removed Pin From Net: NetName=KEY10 Pin=U1-22
Removed Pin From Net: NetName=KEY9 Pin=U1-25
Removed Pin From Net: NetName=KEY8 Pin=U1-26
Removed Pin From Net: NetName=KEY7 Pin=U1-27
Removed Pin From Net: NetName=KEY6 Pin=U1-28
Removed Pin From Net: NetName=KEY5 Pin=U1-29
Removed Pin From Net: NetName=KEY4 Pin=U1-30
Removed Pin From Net: NetName=KEY3 Pin=U1-31
Removed Pin From Net: NetName=KEY2 Pin=U1-38
Removed Pin From Net: NetName=KEY1 Pin=U1-39
Removed Pin From Net: NetName=IRQ Pin=U1-40
Removed Pin From Net: NetName=CE Pin=U1-41
Removed Pin From Net: NetName=7SEGA Pin=U1-42
Removed Pin From Net: NetName=7SEGF Pin=U1-43
Removed Pin From Net: NetName=7SEGG Pin=U1-45
Removed Pin From Net: NetName=7SEGE Pin=U1-46
Added Pin To Net: NetName=SCK Pin=U1-39
Added Pin To Net: NetName=MISO Pin=U1-40
Added Pin To Net: NetName=MOSI Pin=U1-41
